<?xml version="1.0" encoding="UTF-8"?>
<testsuite name="TicTacToeTest" tests="1" skipped="1" failures="0" errors="0" timestamp="2025-03-31T09:48:26" hostname="Milenas-MacBook-Pro.local" time="0.427">
  <properties/>
  <testcase name="start" classname="TicTacToeTest" time="0.427">
    <skipped/>
  </testcase>
  <system-out><![CDATA[?[1;31m
Start test 1?[0m
---------
|       |
|       |
|       |
---------
Input command: > > start
Bad parameters!
Input command: > > start easy
Bad parameters!
Input command: > > exit
]]></system-out>
  <system-err><![CDATA[]]></system-err>
</testsuite>
